2025-05-23T23:04:16.746+07:00  INFO 23303 --- [papikos] [restartedMain] i.a.u.c.a.papikos.PapikosApplication     : Starting PapikosApplication using Java 21.0.2 with PID 23303 (/Users/thata/Desktop/adpro/papikos/build/classes/java/main started by thata in /Users/thata/Desktop/adpro/papikos)
2025-05-23T23:04:16.749+07:00  INFO 23303 --- [papikos] [restartedMain] i.a.u.c.a.papikos.PapikosApplication     : No active profile set, falling back to 1 default profile: "default"
2025-05-23T23:04:16.778+07:00  INFO 23303 --- [papikos] [restartedMain] .e.DevToolsPropertyDefaultsPostProcessor : Devtools property defaults active! Set 'spring.devtools.add-properties' to 'false' to disable
2025-05-23T23:04:16.778+07:00  INFO 23303 --- [papikos] [restartedMain] .e.DevToolsPropertyDefaultsPostProcessor : For additional web related logging consider setting the 'logging.level.web' property to 'DEBUG'
2025-05-23T23:04:17.646+07:00  INFO 23303 --- [papikos] [restartedMain] .s.d.r.c.RepositoryConfigurationDelegate : Bootstrapping Spring Data JPA repositories in DEFAULT mode.
2025-05-23T23:04:17.731+07:00  INFO 23303 --- [papikos] [restartedMain] .s.d.r.c.RepositoryConfigurationDelegate : Finished Spring Data repository scanning in 71 ms. Found 8 JPA repository interfaces.
2025-05-23T23:04:18.672+07:00  INFO 23303 --- [papikos] [restartedMain] o.s.b.w.embedded.tomcat.TomcatWebServer  : Tomcat initialized with port 8080 (http)
2025-05-23T23:04:18.689+07:00  INFO 23303 --- [papikos] [restartedMain] o.apache.catalina.core.StandardService   : Starting service [Tomcat]
2025-05-23T23:04:18.689+07:00  INFO 23303 --- [papikos] [restartedMain] o.apache.catalina.core.StandardEngine    : Starting Servlet engine: [Apache Tomcat/10.1.34]
2025-05-23T23:04:18.735+07:00  INFO 23303 --- [papikos] [restartedMain] o.a.c.c.C.[Tomcat].[localhost].[/]       : Initializing Spring embedded WebApplicationContext
2025-05-23T23:04:18.735+07:00  INFO 23303 --- [papikos] [restartedMain] w.s.c.ServletWebServerApplicationContext : Root WebApplicationContext: initialization completed in 1956 ms
2025-05-23T23:04:18.921+07:00  INFO 23303 --- [papikos] [restartedMain] o.hibernate.jpa.internal.util.LogHelper  : HHH000204: Processing PersistenceUnitInfo [name: default]
2025-05-23T23:04:18.977+07:00  INFO 23303 --- [papikos] [restartedMain] org.hibernate.Version                    : HHH000412: Hibernate ORM core version 6.5.3.Final
2025-05-23T23:04:19.004+07:00  INFO 23303 --- [papikos] [restartedMain] o.h.c.internal.RegionFactoryInitiator    : HHH000026: Second-level cache disabled
2025-05-23T23:04:19.324+07:00  INFO 23303 --- [papikos] [restartedMain] o.s.o.j.p.SpringPersistenceUnitInfo      : No LoadTimeWeaver setup: ignoring JPA class transformer
2025-05-23T23:04:19.350+07:00  INFO 23303 --- [papikos] [restartedMain] com.zaxxer.hikari.HikariDataSource       : HikariPool-1 - Starting...
2025-05-23T23:04:23.355+07:00  INFO 23303 --- [papikos] [restartedMain] com.zaxxer.hikari.pool.HikariPool        : HikariPool-1 - Added connection org.postgresql.jdbc.PgConnection@79ef92c1
2025-05-23T23:04:23.358+07:00  INFO 23303 --- [papikos] [restartedMain] com.zaxxer.hikari.HikariDataSource       : HikariPool-1 - Start completed.
2025-05-23T23:04:23.978+07:00  WARN 23303 --- [papikos] [restartedMain] org.hibernate.orm.deprecation            : HHH90000025: PostgreSQLDialect does not need to be specified explicitly using 'hibernate.dialect' (remove the property setting and it will be selected by default)
2025-05-23T23:04:25.039+07:00  INFO 23303 --- [papikos] [restartedMain] o.h.e.t.j.p.i.JtaPlatformInitiator       : HHH000489: No JTA platform available (set 'hibernate.transaction.jta.platform' to enable JTA platform integration)
2025-05-23T23:04:33.058+07:00  INFO 23303 --- [papikos] [restartedMain] j.LocalContainerEntityManagerFactoryBean : Initialized JPA EntityManagerFactory for persistence unit 'default'
2025-05-23T23:04:33.271+07:00  INFO 23303 --- [papikos] [restartedMain] r$InitializeUserDetailsManagerConfigurer : Global AuthenticationManager configured with UserDetailsService bean with name userDetailsServiceImpl
2025-05-23T23:04:33.348+07:00  WARN 23303 --- [papikos] [restartedMain] JpaBaseConfiguration$JpaWebConfiguration : spring.jpa.open-in-view is enabled by default. Therefore, database queries may be performed during view rendering. Explicitly configure spring.jpa.open-in-view to disable this warning
2025-05-23T23:04:33.439+07:00  INFO 23303 --- [papikos] [restartedMain] o.s.b.a.w.s.WelcomePageHandlerMapping    : Adding welcome page: class path resource [static/index.html]
2025-05-23T23:04:33.503+07:00 DEBUG 23303 --- [papikos] [restartedMain] o.s.s.web.DefaultSecurityFilterChain     : Will secure any request with filters: DisableEncodeUrlFilter, WebAsyncManagerIntegrationFilter, SecurityContextHolderFilter, HeaderWriterFilter, LogoutFilter, JwtFilter, RequestCacheAwareFilter, SecurityContextHolderAwareRequestFilter, AnonymousAuthenticationFilter, SessionManagementFilter, ExceptionTranslationFilter, AuthorizationFilter
2025-05-23T23:04:33.577+07:00  WARN 23303 --- [papikos] [restartedMain] ion$DefaultTemplateResolverConfiguration : Cannot find template location: classpath:/templates/ (please add some templates, check your Thymeleaf configuration, or set spring.thymeleaf.check-template-location=false)
2025-05-23T23:04:33.845+07:00  INFO 23303 --- [papikos] [restartedMain] o.s.b.a.h2.H2ConsoleAutoConfiguration    : H2 console available at '/h2-console'. Database available at 'jdbc:postgresql://papikos-db.cjbadj70ybno.us-east-1.rds.amazonaws.com:5432/papikos?sslmode=require'
2025-05-23T23:04:33.884+07:00  INFO 23303 --- [papikos] [restartedMain] o.s.b.d.a.OptionalLiveReloadServer       : LiveReload server is running on port 35729
2025-05-23T23:04:33.906+07:00  INFO 23303 --- [papikos] [restartedMain] o.s.b.w.embedded.tomcat.TomcatWebServer  : Tomcat started on port 8080 (http) with context path '/'
2025-05-23T23:04:33.907+07:00  INFO 23303 --- [papikos] [restartedMain] o.s.m.s.b.SimpleBrokerMessageHandler     : Starting...
2025-05-23T23:04:33.907+07:00  INFO 23303 --- [papikos] [restartedMain] o.s.m.s.b.SimpleBrokerMessageHandler     : BrokerAvailabilityEvent[available=true, SimpleBrokerMessageHandler [org.springframework.messaging.simp.broker.DefaultSubscriptionRegistry@6dedff41]]
2025-05-23T23:04:33.907+07:00  INFO 23303 --- [papikos] [restartedMain] o.s.m.s.b.SimpleBrokerMessageHandler     : Started.
2025-05-23T23:04:33.912+07:00  INFO 23303 --- [papikos] [restartedMain] i.a.u.c.a.papikos.PapikosApplication     : Started PapikosApplication in 17.383 seconds (process running for 17.761)
2025-05-23T23:04:41.170+07:00  INFO 23303 --- [papikos] [http-nio-8080-exec-1] o.apache.tomcat.util.http.parser.Cookie  : A cookie header was received [last_login="2024-12-10 06:57:54.596134";] that contained an invalid cookie. That cookie will be ignored.
 Note: further occurrences of this error will be logged at DEBUG level.
2025-05-23T23:04:41.176+07:00  INFO 23303 --- [papikos] [http-nio-8080-exec-1] o.a.c.c.C.[Tomcat].[localhost].[/]       : Initializing Spring DispatcherServlet 'dispatcherServlet'
2025-05-23T23:04:41.176+07:00  INFO 23303 --- [papikos] [http-nio-8080-exec-1] o.s.web.servlet.DispatcherServlet        : Initializing Servlet 'dispatcherServlet'
2025-05-23T23:04:41.185+07:00  INFO 23303 --- [papikos] [http-nio-8080-exec-1] o.s.web.servlet.DispatcherServlet        : Completed initialization in 8 ms
2025-05-23T23:04:41.199+07:00 DEBUG 23303 --- [papikos] [http-nio-8080-exec-1] o.s.security.web.FilterChainProxy        : Securing GET /
2025-05-23T23:04:41.204+07:00 DEBUG 23303 --- [papikos] [http-nio-8080-exec-1] o.s.s.w.a.AnonymousAuthenticationFilter  : Set SecurityContextHolder to anonymous SecurityContext
2025-05-23T23:04:41.204+07:00 DEBUG 23303 --- [papikos] [http-nio-8080-exec-1] o.s.s.w.session.SessionManagementFilter  : Request requested invalid session id 59929E81565355A12ED4C1E01D229E0A
2025-05-23T23:04:41.206+07:00 DEBUG 23303 --- [papikos] [http-nio-8080-exec-1] o.s.security.web.FilterChainProxy        : Secured GET /
2025-05-23T23:04:41.232+07:00 DEBUG 23303 --- [papikos] [http-nio-8080-exec-1] o.s.security.web.FilterChainProxy        : Securing GET /index.html
2025-05-23T23:04:41.233+07:00 DEBUG 23303 --- [papikos] [http-nio-8080-exec-1] o.s.security.web.FilterChainProxy        : Secured GET /index.html
2025-05-23T23:04:41.310+07:00 DEBUG 23303 --- [papikos] [http-nio-8080-exec-2] o.s.security.web.FilterChainProxy        : Securing GET /css/papikos.css
2025-05-23T23:04:41.312+07:00 DEBUG 23303 --- [papikos] [http-nio-8080-exec-2] o.s.s.w.a.AnonymousAuthenticationFilter  : Set SecurityContextHolder to anonymous SecurityContext
2025-05-23T23:04:41.312+07:00 DEBUG 23303 --- [papikos] [http-nio-8080-exec-2] o.s.s.w.session.SessionManagementFilter  : Request requested invalid session id 59929E81565355A12ED4C1E01D229E0A
2025-05-23T23:04:41.315+07:00 DEBUG 23303 --- [papikos] [http-nio-8080-exec-2] o.s.security.web.FilterChainProxy        : Secured GET /css/papikos.css
2025-05-23T23:04:41.421+07:00 DEBUG 23303 --- [papikos] [http-nio-8080-exec-3] o.s.security.web.FilterChainProxy        : Securing GET /favicon.ico
2025-05-23T23:04:41.423+07:00 DEBUG 23303 --- [papikos] [http-nio-8080-exec-3] o.s.s.w.a.AnonymousAuthenticationFilter  : Set SecurityContextHolder to anonymous SecurityContext
2025-05-23T23:04:41.424+07:00 DEBUG 23303 --- [papikos] [http-nio-8080-exec-3] o.s.s.w.session.SessionManagementFilter  : Request requested invalid session id 59929E81565355A12ED4C1E01D229E0A
2025-05-23T23:04:42.590+07:00 DEBUG 23303 --- [papikos] [http-nio-8080-exec-4] o.s.security.web.FilterChainProxy        : Securing GET /login.html
2025-05-23T23:04:42.596+07:00 DEBUG 23303 --- [papikos] [http-nio-8080-exec-4] o.s.s.w.a.AnonymousAuthenticationFilter  : Set SecurityContextHolder to anonymous SecurityContext
2025-05-23T23:04:42.597+07:00 DEBUG 23303 --- [papikos] [http-nio-8080-exec-4] o.s.s.w.session.SessionManagementFilter  : Request requested invalid session id 59929E81565355A12ED4C1E01D229E0A
2025-05-23T23:04:42.597+07:00 DEBUG 23303 --- [papikos] [http-nio-8080-exec-4] o.s.security.web.FilterChainProxy        : Secured GET /login.html
2025-05-23T23:04:42.736+07:00 DEBUG 23303 --- [papikos] [http-nio-8080-exec-5] o.s.security.web.FilterChainProxy        : Securing GET /favicon.ico
2025-05-23T23:04:42.738+07:00 DEBUG 23303 --- [papikos] [http-nio-8080-exec-5] o.s.s.w.a.AnonymousAuthenticationFilter  : Set SecurityContextHolder to anonymous SecurityContext
2025-05-23T23:04:42.740+07:00 DEBUG 23303 --- [papikos] [http-nio-8080-exec-5] o.s.s.w.session.SessionManagementFilter  : Request requested invalid session id 59929E81565355A12ED4C1E01D229E0A
2025-05-23T23:04:48.781+07:00 DEBUG 23303 --- [papikos] [http-nio-8080-exec-8] o.s.security.web.FilterChainProxy        : Securing POST /api/auth/login
2025-05-23T23:04:48.783+07:00 DEBUG 23303 --- [papikos] [http-nio-8080-exec-8] o.s.s.w.a.AnonymousAuthenticationFilter  : Set SecurityContextHolder to anonymous SecurityContext
2025-05-23T23:04:48.783+07:00 DEBUG 23303 --- [papikos] [http-nio-8080-exec-8] o.s.s.w.session.SessionManagementFilter  : Request requested invalid session id 59929E81565355A12ED4C1E01D229E0A
2025-05-23T23:04:48.783+07:00 DEBUG 23303 --- [papikos] [http-nio-8080-exec-8] o.s.security.web.FilterChainProxy        : Secured POST /api/auth/login
2025-05-23T23:04:49.723+07:00 DEBUG 23303 --- [papikos] [http-nio-8080-exec-8] o.s.s.a.dao.DaoAuthenticationProvider    : Authenticated user
2025-05-23T23:04:51.824+07:00 DEBUG 23303 --- [papikos] [http-nio-8080-exec-10] o.s.security.web.FilterChainProxy        : Securing GET /management.html
2025-05-23T23:04:51.825+07:00 DEBUG 23303 --- [papikos] [http-nio-8080-exec-10] o.s.s.w.a.AnonymousAuthenticationFilter  : Set SecurityContextHolder to anonymous SecurityContext
2025-05-23T23:04:51.825+07:00 DEBUG 23303 --- [papikos] [http-nio-8080-exec-10] o.s.s.w.session.SessionManagementFilter  : Request requested invalid session id 59929E81565355A12ED4C1E01D229E0A
2025-05-23T23:04:51.826+07:00 DEBUG 23303 --- [papikos] [http-nio-8080-exec-10] o.s.security.web.FilterChainProxy        : Secured GET /management.html
2025-05-23T23:04:51.887+07:00 DEBUG 23303 --- [papikos] [http-nio-8080-exec-1] o.s.security.web.FilterChainProxy        : Securing GET /css/papikos.css
2025-05-23T23:04:51.890+07:00 DEBUG 23303 --- [papikos] [http-nio-8080-exec-1] o.s.s.w.a.AnonymousAuthenticationFilter  : Set SecurityContextHolder to anonymous SecurityContext
2025-05-23T23:04:51.895+07:00 DEBUG 23303 --- [papikos] [http-nio-8080-exec-1] o.s.s.w.session.SessionManagementFilter  : Request requested invalid session id 59929E81565355A12ED4C1E01D229E0A
2025-05-23T23:04:51.920+07:00 DEBUG 23303 --- [papikos] [http-nio-8080-exec-1] o.s.security.web.FilterChainProxy        : Secured GET /css/papikos.css
2025-05-23T23:04:51.950+07:00 DEBUG 23303 --- [papikos] [http-nio-8080-exec-2] o.s.security.web.FilterChainProxy        : Securing GET /api/auth/me
2025-05-23T23:04:51.951+07:00 DEBUG 23303 --- [papikos] [http-nio-8080-exec-3] o.s.security.web.FilterChainProxy        : Securing GET /api/management/houses
2025-05-23T23:04:52.120+07:00 DEBUG 23303 --- [papikos] [http-nio-8080-exec-4] o.s.security.web.FilterChainProxy        : Securing GET /favicon.ico
2025-05-23T23:04:52.120+07:00 DEBUG 23303 --- [papikos] [http-nio-8080-exec-4] o.s.s.w.a.AnonymousAuthenticationFilter  : Set SecurityContextHolder to anonymous SecurityContext
2025-05-23T23:04:52.121+07:00 DEBUG 23303 --- [papikos] [http-nio-8080-exec-4] o.s.s.w.session.SessionManagementFilter  : Request requested invalid session id 59929E81565355A12ED4C1E01D229E0A
2025-05-23T23:04:52.545+07:00 DEBUG 23303 --- [papikos] [http-nio-8080-exec-2] o.s.security.web.FilterChainProxy        : Secured GET /api/auth/me
2025-05-23T23:04:52.549+07:00 DEBUG 23303 --- [papikos] [http-nio-8080-exec-3] o.s.security.web.FilterChainProxy        : Secured GET /api/management/houses
2025-05-23T23:04:52.824+07:00  INFO 23303 --- [papikos] [http-nio-8080-exec-3] .u.c.a.p.h.m.c.HouseManagementController : User [papiland@gmail.com] requested all their houses
2025-05-23T23:04:52.827+07:00 DEBUG 23303 --- [papikos] [http-nio-8080-exec-5] o.s.security.web.FilterChainProxy        : Securing GET /api/auth/me
2025-05-23T23:04:53.093+07:00 DEBUG 23303 --- [papikos] [http-nio-8080-exec-5] o.s.security.web.FilterChainProxy        : Secured GET /api/auth/me
2025-05-23T23:04:53.099+07:00 DEBUG 23303 --- [papikos] [http-nio-8080-exec-7] o.s.security.web.FilterChainProxy        : Securing GET /api/management/houses
2025-05-23T23:04:53.497+07:00 DEBUG 23303 --- [papikos] [http-nio-8080-exec-7] o.s.security.web.FilterChainProxy        : Secured GET /api/management/houses
2025-05-23T23:04:53.745+07:00  INFO 23303 --- [papikos] [http-nio-8080-exec-7] .u.c.a.p.h.m.c.HouseManagementController : User [papiland@gmail.com] requested all their houses
2025-05-23T23:04:59.730+07:00 DEBUG 23303 --- [papikos] [http-nio-8080-exec-10] o.s.security.web.FilterChainProxy        : Securing GET /api/auth/users/me
2025-05-23T23:05:00.422+07:00 DEBUG 23303 --- [papikos] [http-nio-8080-exec-10] o.s.security.web.FilterChainProxy        : Secured GET /api/auth/users/me
2025-05-23T23:05:33.911+07:00  INFO 23303 --- [papikos] [MessageBroker-1] o.s.w.s.c.WebSocketMessageBrokerStats    : WebSocketSession[0 current WS(0)-HttpStream(0)-HttpPoll(0), 0 total, 0 closed abnormally (0 connect failure, 0 send limit, 0 transport error)], stompSubProtocol[processed CONNECT(0)-CONNECTED(0)-DISCONNECT(0)], stompBrokerRelay[null], inboundChannel[pool size = 0, active threads = 0, queued tasks = 0, completed tasks = 0], outboundChannel[pool size = 0, active threads = 0, queued tasks = 0, completed tasks = 0], sockJsScheduler[pool size = 1, active threads = 1, queued tasks = 0, completed tasks = 0]
2025-05-23T23:06:27.998+07:00 DEBUG 23303 --- [papikos] [http-nio-8080-exec-4] o.s.security.web.FilterChainProxy        : Securing POST /api/management/houses
2025-05-23T23:06:28.515+07:00 DEBUG 23303 --- [papikos] [http-nio-8080-exec-4] o.s.security.web.FilterChainProxy        : Secured POST /api/management/houses
2025-05-23T23:06:28.802+07:00  INFO 23303 --- [papikos] [http-nio-8080-exec-4] .s.a.AnnotationAsyncExecutionInterceptor : More than one TaskExecutor bean found within the context, and none is named 'taskExecutor'. Mark one of them as primary or name it 'taskExecutor' (possibly as an alias) in order to use it for async processing: [clientInboundChannelExecutor, clientOutboundChannelExecutor, brokerChannelExecutor]
2025-05-23T23:06:29.779+07:00  INFO 23303 --- [papikos] [http-nio-8080-exec-4] .u.c.a.p.h.m.c.HouseManagementController : User [papiland@gmail.com] successfully created house [West Apart]
2025-05-23T23:06:29.793+07:00 DEBUG 23303 --- [papikos] [http-nio-8080-exec-2] o.s.security.web.FilterChainProxy        : Securing GET /api/management/houses
2025-05-23T23:06:30.219+07:00 DEBUG 23303 --- [papikos] [http-nio-8080-exec-2] o.s.security.web.FilterChainProxy        : Secured GET /api/management/houses
2025-05-23T23:06:30.570+07:00  INFO 23303 --- [papikos] [http-nio-8080-exec-2] .u.c.a.p.h.m.c.HouseManagementController : User [papiland@gmail.com] requested all their houses
2025-05-23T23:07:27.921+07:00  INFO 23303 --- [papikos] [SpringApplicationShutdownHook] o.s.m.s.b.SimpleBrokerMessageHandler     : Stopping...
2025-05-23T23:07:27.921+07:00  INFO 23303 --- [papikos] [SpringApplicationShutdownHook] o.s.m.s.b.SimpleBrokerMessageHandler     : BrokerAvailabilityEvent[available=false, SimpleBrokerMessageHandler [org.springframework.messaging.simp.broker.DefaultSubscriptionRegistry@6dedff41]]
2025-05-23T23:07:27.921+07:00  INFO 23303 --- [papikos] [SpringApplicationShutdownHook] o.s.m.s.b.SimpleBrokerMessageHandler     : Stopped.
2025-05-23T23:07:27.936+07:00  INFO 23303 --- [papikos] [SpringApplicationShutdownHook] j.LocalContainerEntityManagerFactoryBean : Closing JPA EntityManagerFactory for persistence unit 'default'
2025-05-23T23:07:27.941+07:00  INFO 23303 --- [papikos] [SpringApplicationShutdownHook] com.zaxxer.hikari.HikariDataSource       : HikariPool-1 - Shutdown initiated...
2025-05-23T23:07:32.337+07:00  INFO 23303 --- [papikos] [SpringApplicationShutdownHook] com.zaxxer.hikari.HikariDataSource       : HikariPool-1 - Shutdown completed.
